<?xml version="1.0" encoding="UTF-8"?>
<!-- Generated by org.testng.reporters.JUnitReportReporter -->
<testsuite hostname="JagsMacBookPro.local" failures="0" tests="2" name="getRequest.GetData" time="5.132" errors="0" timestamp="31 Mar 2019 09:23:46 GMT" skipped="0">
  <testcase classname="getRequest.GetData" name="testBody" time="3.927"/>
  <testcase classname="getRequest.GetData" name="testResponsecode" time="1.205"/>
</testsuite> <!-- getRequest.GetData -->
